<?xml version="1.0" encoding="UTF-8"?>
<testng-results ignored="0" total="2" passed="2" failed="0" skipped="0">
  <reporter-output>
  </reporter-output>
  <suite started-at="2023-08-05T16:46:10 IST" name="Suite" finished-at="2023-08-05T16:46:38 IST" duration-ms="28291">
    <groups>
    </groups>
    <test started-at="2023-08-05T16:46:10 IST" name="Test" finished-at="2023-08-05T16:46:38 IST" duration-ms="28291">
      <class name="testcases.signUp">
        <test-method is-config="true" signature="LaunchBrowserandUrl()[pri:0, instance:testcases.signUp@34a3d150]" started-at="2023-08-05T16:46:10 IST" name="LaunchBrowserandUrl" finished-at="2023-08-05T16:46:18 IST" duration-ms="7603" status="PASS">
          <reporter-output>
          </reporter-output>
        </test-method> <!-- LaunchBrowserandUrl -->
        <test-method signature="verifySignup()[pri:0, instance:testcases.signUp@34a3d150]" started-at="2023-08-05T16:46:18 IST" name="verifySignup" finished-at="2023-08-05T16:46:31 IST" duration-ms="13138" status="PASS">
          <reporter-output>
          </reporter-output>
        </test-method> <!-- verifySignup -->
      </class> <!-- testcases.signUp -->
      <class name="testcases.login">
        <test-method is-config="true" signature="LaunchBrowserandUrl()[pri:0, instance:testcases.login@28701274]" started-at="2023-08-05T16:46:31 IST" name="LaunchBrowserandUrl" finished-at="2023-08-05T16:46:36 IST" duration-ms="4905" status="PASS">
          <reporter-output>
          </reporter-output>
        </test-method> <!-- LaunchBrowserandUrl -->
        <test-method signature="werifyLogin()[pri:0, instance:testcases.login@28701274]" started-at="2023-08-05T16:46:36 IST" name="werifyLogin" finished-at="2023-08-05T16:46:38 IST" duration-ms="2558" status="PASS">
          <reporter-output>
          </reporter-output>
        </test-method> <!-- werifyLogin -->
      </class> <!-- testcases.login -->
    </test> <!-- Test -->
  </suite> <!-- Suite -->
</testng-results>
